<?xml version="1.0" encoding="UTF-8"?>
<coverage generated="1770591729102" clover="3.2.0">
  <project timestamp="1770591729102" name="All files">
    <metrics statements="155" coveredstatements="154" conditionals="59" coveredconditionals="52" methods="31" coveredmethods="31" elements="245" coveredelements="237" complexity="0" loc="155" ncloc="155" packages="1" files="5" classes="5"/>
    <file name="app.ts" path="/Users/dmestas/openclaw-sms-webhook/src/app.ts">
      <metrics statements="77" coveredstatements="76" conditionals="35" coveredconditionals="29" methods="9" coveredmethods="9"/>
      <line num="1" count="2" type="stmt"/>
      <line num="4" count="2" type="stmt"/>
      <line num="5" count="2" type="stmt"/>
      <line num="18" count="2" type="stmt"/>
      <line num="19" count="37" type="stmt"/>
      <line num="20" count="37" type="stmt"/>
      <line num="21" count="37" type="stmt"/>
      <line num="24" count="37" type="stmt"/>
      <line num="25" count="37" type="stmt"/>
      <line num="28" count="37" type="stmt"/>
      <line num="29" count="42" type="stmt"/>
      <line num="30" count="42" type="stmt"/>
      <line num="31" count="42" type="stmt"/>
      <line num="32" count="42" type="stmt"/>
      <line num="41" count="42" type="stmt"/>
      <line num="45" count="37" type="stmt"/>
      <line num="46" count="2" type="stmt"/>
      <line num="47" count="2" type="stmt"/>
      <line num="62" count="37" type="stmt"/>
      <line num="63" count="2" type="stmt"/>
      <line num="67" count="37" type="cond" truecount="1" falsecount="1"/>
      <line num="68" count="37" type="cond" truecount="1" falsecount="0"/>
      <line num="69" count="5" type="stmt"/>
      <line num="70" count="5" type="stmt"/>
      <line num="71" count="5" type="stmt"/>
      <line num="72" count="5" type="stmt"/>
      <line num="73" count="5" type="stmt"/>
      <line num="76" count="5" type="stmt"/>
      <line num="83" count="3" type="stmt"/>
      <line num="84" count="3" type="cond" truecount="1" falsecount="1"/>
      <line num="86" count="2" type="stmt"/>
      <line num="87" count="2" type="stmt"/>
      <line num="88" count="2" type="stmt"/>
      <line num="94" count="37" type="stmt"/>
      <line num="95" count="30" type="stmt"/>
      <line num="98" count="30" type="cond" truecount="3" falsecount="0"/>
      <line num="99" count="4" type="cond" truecount="2" falsecount="0"/>
      <line num="100" count="4" type="stmt"/>
      <line num="101" count="4" type="cond" truecount="1" falsecount="0"/>
      <line num="102" count="3" type="stmt"/>
      <line num="103" count="3" type="stmt"/>
      <line num="104" count="3" type="stmt"/>
      <line num="108" count="3" type="stmt"/>
      <line num="109" count="3" type="stmt"/>
      <line num="113" count="27" type="cond" truecount="1" falsecount="1"/>
      <line num="115" count="27" type="cond" truecount="3" falsecount="0"/>
      <line num="116" count="5" type="stmt"/>
      <line num="117" count="5" type="stmt"/>
      <line num="118" count="5" type="stmt"/>
      <line num="119" count="5" type="stmt"/>
      <line num="122" count="22" type="cond" truecount="3" falsecount="0"/>
      <line num="123" count="1" type="stmt"/>
      <line num="124" count="1" type="stmt"/>
      <line num="125" count="1" type="stmt"/>
      <line num="126" count="1" type="stmt"/>
      <line num="130" count="21" type="cond" truecount="2" falsecount="0"/>
      <line num="132" count="21" type="stmt"/>
      <line num="140" count="21" type="stmt"/>
      <line num="141" count="21" type="stmt"/>
      <line num="142" count="21" type="stmt"/>
      <line num="143" count="17" type="stmt"/>
      <line num="144" count="17" type="stmt"/>
      <line num="145" count="17" type="stmt"/>
      <line num="146" count="17" type="stmt"/>
      <line num="148" count="4" type="stmt"/>
      <line num="149" count="4" type="stmt"/>
      <line num="150" count="4" type="stmt"/>
      <line num="151" count="4" type="stmt"/>
      <line num="160" count="21" type="stmt"/>
      <line num="164" count="37" type="stmt"/>
      <line num="165" count="3" type="stmt"/>
      <line num="169" count="37" type="stmt"/>
      <line num="171" count="37" type="stmt"/>
      <line num="176" count="5" type="cond" truecount="0" falsecount="1"/>
      <line num="177" count="5" type="cond" truecount="1" falsecount="0"/>
      <line num="178" count="5" type="stmt"/>
      <line num="180" count="0" type="stmt"/>
    </file>
    <file name="gateway.ts" path="/Users/dmestas/openclaw-sms-webhook/src/gateway.ts">
      <metrics statements="26" coveredstatements="26" conditionals="9" coveredconditionals="9" methods="4" coveredmethods="4"/>
      <line num="14" count="1" type="stmt"/>
      <line num="19" count="7" type="stmt"/>
      <line num="20" count="7" type="stmt"/>
      <line num="22" count="7" type="cond" truecount="1" falsecount="0"/>
      <line num="23" count="6" type="cond" truecount="1" falsecount="0"/>
      <line num="27" count="7" type="cond" truecount="2" falsecount="0"/>
      <line num="28" count="7" type="stmt"/>
      <line num="29" count="7" type="cond" truecount="2" falsecount="0"/>
      <line num="31" count="7" type="stmt"/>
      <line num="32" count="7" type="stmt"/>
      <line num="34" count="7" type="stmt"/>
      <line num="35" count="7" type="stmt"/>
      <line num="47" count="4" type="cond" truecount="1" falsecount="0"/>
      <line num="48" count="2" type="stmt"/>
      <line num="49" count="2" type="stmt"/>
      <line num="56" count="2" type="stmt"/>
      <line num="58" count="5" type="cond" truecount="1" falsecount="0"/>
      <line num="59" count="3" type="cond" truecount="1" falsecount="0"/>
      <line num="60" count="1" type="stmt"/>
      <line num="62" count="2" type="stmt"/>
      <line num="68" count="7" type="stmt"/>
      <line num="73" count="1" type="stmt"/>
      <line num="78" count="5" type="stmt"/>
      <line num="79" count="5" type="stmt"/>
      <line num="80" count="5" type="stmt"/>
      <line num="81" count="5" type="stmt"/>
    </file>
    <file name="logger.ts" path="/Users/dmestas/openclaw-sms-webhook/src/logger.ts">
      <metrics statements="22" coveredstatements="22" conditionals="8" coveredconditionals="7" methods="9" coveredmethods="9"/>
      <line num="1" count="4" type="cond" truecount="2" falsecount="0"/>
      <line num="2" count="4" type="stmt"/>
      <line num="3" count="4" type="stmt"/>
      <line num="4" count="4" type="stmt"/>
      <line num="5" count="4" type="stmt"/>
      <line num="22" count="4" type="stmt"/>
      <line num="29" count="4" type="cond" truecount="0" falsecount="1"/>
      <line num="30" count="4" type="stmt"/>
      <line num="33" count="11" type="cond" truecount="1" falsecount="0"/>
      <line num="34" count="9" type="stmt"/>
      <line num="40" count="9" type="stmt"/>
      <line num="41" count="9" type="cond" truecount="4" falsecount="0"/>
      <line num="42" count="6" type="stmt"/>
      <line num="44" count="3" type="stmt"/>
      <line num="48" count="4" type="stmt"/>
      <line num="49" count="2" type="stmt"/>
      <line num="50" count="3" type="stmt"/>
      <line num="51" count="3" type="stmt"/>
      <line num="52" count="3" type="stmt"/>
      <line num="57" count="4" type="stmt"/>
      <line num="58" count="4" type="stmt"/>
      <line num="59" count="4" type="stmt"/>
    </file>
    <file name="metrics.ts" path="/Users/dmestas/openclaw-sms-webhook/src/metrics.ts">
      <metrics statements="16" coveredstatements="16" conditionals="2" coveredconditionals="2" methods="6" coveredmethods="6"/>
      <line num="22" count="3" type="stmt"/>
      <line num="23" count="45" type="stmt"/>
      <line num="36" count="3" type="stmt"/>
      <line num="37" count="1225" type="stmt"/>
      <line num="39" count="1225" type="cond" truecount="1" falsecount="0"/>
      <line num="40" count="100" type="stmt"/>
      <line num="44" count="3" type="stmt"/>
      <line num="45" count="8" type="stmt"/>
      <line num="46" count="8" type="cond" truecount="1" falsecount="0"/>
      <line num="47" count="100" type="stmt"/>
      <line num="48" count="105" type="stmt"/>
      <line num="49" count="5" type="stmt"/>
      <line num="60" count="3" type="stmt"/>
      <line num="61" count="3" type="stmt"/>
      <line num="62" count="3" type="stmt"/>
      <line num="63" count="3" type="stmt"/>
    </file>
    <file name="twilio.ts" path="/Users/dmestas/openclaw-sms-webhook/src/twilio.ts">
      <metrics statements="14" coveredstatements="14" conditionals="5" coveredconditionals="5" methods="3" coveredmethods="3"/>
      <line num="1" count="3" type="stmt"/>
      <line num="12" count="3" type="stmt"/>
      <line num="18" count="13" type="cond" truecount="4" falsecount="0"/>
      <line num="22" count="9" type="stmt"/>
      <line num="25" count="19" type="stmt"/>
      <line num="27" count="9" type="stmt"/>
      <line num="33" count="9" type="stmt"/>
      <line num="34" count="9" type="stmt"/>
      <line num="37" count="2" type="stmt"/>
      <line num="44" count="3" type="stmt"/>
      <line num="45" count="36" type="cond" truecount="1" falsecount="0"/>
      <line num="47" count="13" type="stmt"/>
      <line num="52" count="13" type="stmt"/>
      <line num="54" count="23" type="stmt"/>
    </file>
  </project>
</coverage>
