{"/Users/dmestas/openclaw-sms-webhook/src/app.ts": {"path":"/Users/dmestas/openclaw-sms-webhook/src/app.ts","statementMap":{"0":{"start":{"line":18,"column":0},"end":{"line":18,"column":16}},"1":{"start":{"line":1,"column":0},"end":{"line":1,"column":67}},"2":{"start":{"line":4,"column":0},"end":{"line":4,"column":101}},"3":{"start":{"line":5,"column":0},"end":{"line":5,"column":58}},"4":{"start":{"line":19,"column":30},"end":{"line":19,"column":36}},"5":{"start":{"line":20,"column":27},"end":{"line":20,"column":42}},"6":{"start":{"line":21,"column":14},"end":{"line":21,"column":23}},"7":{"start":{"line":24,"column":2},"end":{"line":24,"column":51}},"8":{"start":{"line":25,"column":2},"end":{"line":25,"column":26}},"9":{"start":{"line":28,"column":2},"end":{"line":42,"column":5}},"10":{"start":{"line":29,"column":18},"end":{"line":29,"column":28}},"11":{"start":{"line":30,"column":4},"end":{"line":40,"column":7}},"12":{"start":{"line":31,"column":23},"end":{"line":31,"column":41}},"13":{"start":{"line":32,"column":6},"end":{"line":39,"column":9}},"14":{"start":{"line":41,"column":4},"end":{"line":41,"column":11}},"15":{"start":{"line":45,"column":2},"end":{"line":59,"column":5}},"16":{"start":{"line":46,"column":20},"end":{"line":46,"column":44}},"17":{"start":{"line":47,"column":4},"end":{"line":58,"column":7}},"18":{"start":{"line":62,"column":2},"end":{"line":64,"column":5}},"19":{"start":{"line":63,"column":4},"end":{"line":63,"column":89}},"20":{"start":{"line":67,"column":20},"end":{"line":67,"column":49}},"21":{"start":{"line":68,"column":2},"end":{"line":91,"column":3}},"22":{"start":{"line":69,"column":4},"end":{"line":90,"column":7}},"23":{"start":{"line":70,"column":6},"end":{"line":70,"column":29}},"24":{"start":{"line":71,"column":6},"end":{"line":89,"column":7}},"25":{"start":{"line":72,"column":20},"end":{"line":72,"column":69}},"26":{"start":{"line":73,"column":48},"end":{"line":75,"column":10}},"27":{"start":{"line":76,"column":21},"end":{"line":82,"column":10}},"28":{"start":{"line":83,"column":21},"end":{"line":83,"column":38}},"29":{"start":{"line":84,"column":8},"end":{"line":84,"column":96}},"30":{"start":{"line":86,"column":8},"end":{"line":86,"column":35}},"31":{"start":{"line":87,"column":8},"end":{"line":87,"column":101}},"32":{"start":{"line":88,"column":8},"end":{"line":88,"column":81}},"33":{"start":{"line":94,"column":2},"end":{"line":161,"column":5}},"34":{"start":{"line":95,"column":4},"end":{"line":95,"column":26}},"35":{"start":{"line":98,"column":4},"end":{"line":111,"column":5}},"36":{"start":{"line":99,"column":24},"end":{"line":99,"column":59}},"37":{"start":{"line":100,"column":18},"end":{"line":100,"column":57}},"38":{"start":{"line":101,"column":6},"end":{"line":110,"column":7}},"39":{"start":{"line":102,"column":8},"end":{"line":102,"column":36}},"40":{"start":{"line":103,"column":8},"end":{"line":103,"column":27}},"41":{"start":{"line":104,"column":8},"end":{"line":107,"column":11}},"42":{"start":{"line":108,"column":8},"end":{"line":108,"column":66}},"43":{"start":{"line":109,"column":8},"end":{"line":109,"column":15}},"44":{"start":{"line":113,"column":31},"end":{"line":113,"column":45}},"45":{"start":{"line":115,"column":4},"end":{"line":120,"column":5}},"46":{"start":{"line":116,"column":6},"end":{"line":116,"column":25}},"47":{"start":{"line":117,"column":6},"end":{"line":117,"column":86}},"48":{"start":{"line":118,"column":6},"end":{"line":118,"column":83}},"49":{"start":{"line":119,"column":6},"end":{"line":119,"column":13}},"50":{"start":{"line":122,"column":4},"end":{"line":127,"column":5}},"51":{"start":{"line":123,"column":6},"end":{"line":123,"column":25}},"52":{"start":{"line":124,"column":6},"end":{"line":124,"column":56}},"53":{"start":{"line":125,"column":6},"end":{"line":125,"column":83}},"54":{"start":{"line":126,"column":6},"end":{"line":126,"column":13}},"55":{"start":{"line":130,"column":24},"end":{"line":130,"column":70}},"56":{"start":{"line":132,"column":4},"end":{"line":137,"column":7}},"57":{"start":{"line":140,"column":18},"end":{"line":140,"column":28}},"58":{"start":{"line":141,"column":4},"end":{"line":157,"column":5}},"59":{"start":{"line":142,"column":6},"end":{"line":142,"column":51}},"60":{"start":{"line":143,"column":24},"end":{"line":143,"column":42}},"61":{"start":{"line":144,"column":6},"end":{"line":144,"column":40}},"62":{"start":{"line":145,"column":6},"end":{"line":145,"column":31}},"63":{"start":{"line":146,"column":6},"end":{"line":146,"column":69}},"64":{"start":{"line":148,"column":24},"end":{"line":148,"column":42}},"65":{"start":{"line":149,"column":6},"end":{"line":149,"column":40}},"66":{"start":{"line":150,"column":6},"end":{"line":150,"column":31}},"67":{"start":{"line":151,"column":6},"end":{"line":156,"column":9}},"68":{"start":{"line":160,"column":4},"end":{"line":160,"column":39}},"69":{"start":{"line":164,"column":2},"end":{"line":166,"column":5}},"70":{"start":{"line":165,"column":4},"end":{"line":165,"column":49}},"71":{"start":{"line":169,"column":3},"end":{"line":169,"column":35}},"72":{"start":{"line":171,"column":2},"end":{"line":171,"column":13}},"73":{"start":{"line":176,"column":2},"end":{"line":176,"column":30}},"74":{"start":{"line":176,"column":13},"end":{"line":176,"column":30}},"75":{"start":{"line":177,"column":2},"end":{"line":179,"column":3}},"76":{"start":{"line":178,"column":4},"end":{"line":178,"column":49}},"77":{"start":{"line":180,"column":2},"end":{"line":180,"column":21}}},"fnMap":{"0":{"name":"createApp","decl":{"start":{"line":18,"column":16},"end":{"line":18,"column":25}},"loc":{"start":{"line":18,"column":43},"end":{"line":172,"column":1}}},"1":{"name":"(anonymous_2)","decl":{"start":{"line":28,"column":10},"end":{"line":28,"column":11}},"loc":{"start":{"line":28,"column":62},"end":{"line":42,"column":3}}},"2":{"name":"(anonymous_3)","decl":{"start":{"line":30,"column":21},"end":{"line":30,"column":24}},"loc":{"start":{"line":30,"column":26},"end":{"line":40,"column":5}}},"3":{"name":"(anonymous_4)","decl":{"start":{"line":45,"column":21},"end":{"line":45,"column":22}},"loc":{"start":{"line":45,"column":35},"end":{"line":59,"column":3}}},"4":{"name":"(anonymous_5)","decl":{"start":{"line":62,"column":22},"end":{"line":62,"column":23}},"loc":{"start":{"line":62,"column":36},"end":{"line":64,"column":3}}},"5":{"name":"(anonymous_6)","decl":{"start":{"line":69,"column":24},"end":{"line":69,"column":29}},"loc":{"start":{"line":69,"column":62},"end":{"line":90,"column":5}}},"6":{"name":"(anonymous_7)","decl":{"start":{"line":94,"column":27},"end":{"line":94,"column":32}},"loc":{"start":{"line":94,"column":65},"end":{"line":161,"column":3}}},"7":{"name":"(anonymous_8)","decl":{"start":{"line":164,"column":10},"end":{"line":164,"column":11}},"loc":{"start":{"line":164,"column":43},"end":{"line":166,"column":3}}},"8":{"name":"summarizeBody","decl":{"start":{"line":175,"column":9},"end":{"line":175,"column":22}},"loc":{"start":{"line":175,"column":36},"end":{"line":181,"column":1}}}},"branchMap":{"0":{"loc":{"start":{"line":37,"column":12},"end":{"line":37,"column":46}},"type":"binary-expr","locations":[{"start":{"line":37,"column":12},"end":{"line":37,"column":18}},{"start":{"line":37,"column":22},"end":{"line":37,"column":46}}]},"1":{"loc":{"start":{"line":67,"column":20},"end":{"line":67,"column":49}},"type":"binary-expr","locations":[{"start":{"line":67,"column":20},"end":{"line":67,"column":41}},{"start":{"line":67,"column":45},"end":{"line":67,"column":49}}]},"2":{"loc":{"start":{"line":68,"column":2},"end":{"line":91,"column":3}},"type":"if","locations":[{"start":{"line":68,"column":2},"end":{"line":91,"column":3}}]},"3":{"loc":{"start":{"line":74,"column":26},"end":{"line":74,"column":92}},"type":"binary-expr","locations":[{"start":{"line":74,"column":26},"end":{"line":74,"column":53}},{"start":{"line":74,"column":57},"end":{"line":74,"column":92}}]},"4":{"loc":{"start":{"line":79,"column":16},"end":{"line":81,"column":23}},"type":"cond-expr","locations":[{"start":{"line":80,"column":14},"end":{"line":80,"column":80}},{"start":{"line":81,"column":14},"end":{"line":81,"column":23}}]},"5":{"loc":{"start":{"line":79,"column":16},"end":{"line":79,"column":61}},"type":"binary-expr","locations":[{"start":{"line":79,"column":16},"end":{"line":79,"column":36}},{"start":{"line":79,"column":40},"end":{"line":79,"column":61}}]},"6":{"loc":{"start":{"line":84,"column":37},"end":{"line":84,"column":83}},"type":"binary-expr","locations":[{"start":{"line":84,"column":37},"end":{"line":84,"column":69}},{"start":{"line":84,"column":73},"end":{"line":84,"column":83}}]},"7":{"loc":{"start":{"line":98,"column":4},"end":{"line":111,"column":5}},"type":"if","locations":[{"start":{"line":98,"column":4},"end":{"line":111,"column":5}}]},"8":{"loc":{"start":{"line":98,"column":8},"end":{"line":98,"column":50}},"type":"binary-expr","locations":[{"start":{"line":98,"column":8},"end":{"line":98,"column":30}},{"start":{"line":98,"column":34},"end":{"line":98,"column":50}}]},"9":{"loc":{"start":{"line":99,"column":24},"end":{"line":99,"column":59}},"type":"binary-expr","locations":[{"start":{"line":99,"column":24},"end":{"line":99,"column":53}},{"start":{"line":99,"column":57},"end":{"line":99,"column":59}}]},"10":{"loc":{"start":{"line":101,"column":6},"end":{"line":110,"column":7}},"type":"if","locations":[{"start":{"line":101,"column":6},"end":{"line":110,"column":7}}]},"11":{"loc":{"start":{"line":105,"column":14},"end":{"line":105,"column":48}},"type":"binary-expr","locations":[{"start":{"line":105,"column":14},"end":{"line":105,"column":20}},{"start":{"line":105,"column":24},"end":{"line":105,"column":48}}]},"12":{"loc":{"start":{"line":113,"column":31},"end":{"line":113,"column":45}},"type":"binary-expr","locations":[{"start":{"line":113,"column":31},"end":{"line":113,"column":39}},{"start":{"line":113,"column":43},"end":{"line":113,"column":45}}]},"13":{"loc":{"start":{"line":115,"column":4},"end":{"line":120,"column":5}},"type":"if","locations":[{"start":{"line":115,"column":4},"end":{"line":120,"column":5}}]},"14":{"loc":{"start":{"line":115,"column":8},"end":{"line":115,"column":41}},"type":"binary-expr","locations":[{"start":{"line":115,"column":8},"end":{"line":115,"column":13}},{"start":{"line":115,"column":17},"end":{"line":115,"column":41}}]},"15":{"loc":{"start":{"line":122,"column":4},"end":{"line":127,"column":5}},"type":"if","locations":[{"start":{"line":122,"column":4},"end":{"line":127,"column":5}}]},"16":{"loc":{"start":{"line":122,"column":8},"end":{"line":122,"column":28}},"type":"binary-expr","locations":[{"start":{"line":122,"column":8},"end":{"line":122,"column":13}},{"start":{"line":122,"column":17},"end":{"line":122,"column":28}}]},"17":{"loc":{"start":{"line":130,"column":24},"end":{"line":130,"column":70}},"type":"cond-expr","locations":[{"start":{"line":130,"column":51},"end":{"line":130,"column":55}},{"start":{"line":130,"column":58},"end":{"line":130,"column":70}}]},"18":{"loc":{"start":{"line":136,"column":16},"end":{"line":136,"column":64}},"type":"binary-expr","locations":[{"start":{"line":136,"column":16},"end":{"line":136,"column":35}},{"start":{"line":136,"column":39},"end":{"line":136,"column":64}}]},"19":{"loc":{"start":{"line":176,"column":2},"end":{"line":176,"column":30}},"type":"if","locations":[{"start":{"line":176,"column":2},"end":{"line":176,"column":30}}]},"20":{"loc":{"start":{"line":177,"column":2},"end":{"line":179,"column":3}},"type":"if","locations":[{"start":{"line":177,"column":2},"end":{"line":179,"column":3}}]}},"s":{"0":2,"1":2,"2":2,"3":2,"4":37,"5":37,"6":37,"7":37,"8":37,"9":37,"10":42,"11":42,"12":42,"13":42,"14":42,"15":37,"16":2,"17":2,"18":37,"19":2,"20":37,"21":37,"22":5,"23":5,"24":5,"25":5,"26":5,"27":5,"28":3,"29":3,"30":2,"31":2,"32":2,"33":37,"34":30,"35":30,"36":4,"37":4,"38":4,"39":3,"40":3,"41":3,"42":3,"43":3,"44":27,"45":27,"46":5,"47":5,"48":5,"49":5,"50":22,"51":1,"52":1,"53":1,"54":1,"55":21,"56":21,"57":21,"58":21,"59":21,"60":17,"61":17,"62":17,"63":17,"64":4,"65":4,"66":4,"67":4,"68":21,"69":37,"70":3,"71":37,"72":37,"73":5,"74":0,"75":5,"76":5,"77":0},"f":{"0":37,"1":42,"2":42,"3":2,"4":2,"5":5,"6":30,"7":3,"8":5},"b":{"0":[42,0],"1":[37,0],"2":[5],"3":[5,1],"4":[4,1],"5":[5,4],"6":[3,0],"7":[4],"8":[30,5],"9":[4,1],"10":[3],"11":[3,0],"12":[27,0],"13":[5],"14":[27,22],"15":[1],"16":[22,3],"17":[20,1],"18":[21,2],"19":[0],"20":[5]}}
,"/Users/dmestas/openclaw-sms-webhook/src/gateway.ts": {"path":"/Users/dmestas/openclaw-sms-webhook/src/gateway.ts","statementMap":{"0":{"start":{"line":19,"column":4},"end":{"line":19,"column":25}},"1":{"start":{"line":20,"column":4},"end":{"line":20,"column":25}},"2":{"start":{"line":22,"column":4},"end":{"line":22,"column":64}},"3":{"start":{"line":22,"column":21},"end":{"line":22,"column":64}},"4":{"start":{"line":23,"column":4},"end":{"line":23,"column":68}},"5":{"start":{"line":23,"column":23},"end":{"line":23,"column":68}},"6":{"start":{"line":27,"column":22},"end":{"line":27,"column":64}},"7":{"start":{"line":28,"column":16},"end":{"line":28,"column":90}},"8":{"start":{"line":29,"column":22},"end":{"line":29,"column":52}},"9":{"start":{"line":31,"column":23},"end":{"line":31,"column":44}},"10":{"start":{"line":32,"column":18},"end":{"line":32,"column":65}},"11":{"start":{"line":32,"column":35},"end":{"line":32,"column":53}},"12":{"start":{"line":34,"column":4},"end":{"line":69,"column":5}},"13":{"start":{"line":35,"column":23},"end":{"line":45,"column":8}},"14":{"start":{"line":47,"column":6},"end":{"line":54,"column":7}},"15":{"start":{"line":48,"column":21},"end":{"line":48,"column":42}},"16":{"start":{"line":49,"column":8},"end":{"line":53,"column":10}},"17":{"start":{"line":56,"column":6},"end":{"line":56,"column":77}},"18":{"start":{"line":58,"column":6},"end":{"line":58,"column":49}},"19":{"start":{"line":58,"column":39},"end":{"line":58,"column":49}},"20":{"start":{"line":59,"column":6},"end":{"line":61,"column":7}},"21":{"start":{"line":60,"column":8},"end":{"line":60,"column":95}},"22":{"start":{"line":62,"column":6},"end":{"line":66,"column":8}},"23":{"start":{"line":68,"column":6},"end":{"line":68,"column":26}},"24":{"start":{"line":14,"column":0},"end":{"line":14,"column":13}},"25":{"start":{"line":78,"column":4},"end":{"line":78,"column":19}},"26":{"start":{"line":79,"column":4},"end":{"line":79,"column":31}},"27":{"start":{"line":80,"column":4},"end":{"line":80,"column":33}},"28":{"start":{"line":81,"column":4},"end":{"line":81,"column":25}},"29":{"start":{"line":73,"column":0},"end":{"line":73,"column":13}}},"fnMap":{"0":{"name":"(anonymous_0)","decl":{"start":{"line":18,"column":2},"end":{"line":18,"column":14}},"loc":{"start":{"line":18,"column":51},"end":{"line":24,"column":3}}},"1":{"name":"(anonymous_1)","decl":{"start":{"line":26,"column":2},"end":{"line":26,"column":7}},"loc":{"start":{"line":26,"column":46},"end":{"line":70,"column":3}}},"2":{"name":"(anonymous_2)","decl":{"start":{"line":32,"column":29},"end":{"line":32,"column":32}},"loc":{"start":{"line":32,"column":35},"end":{"line":32,"column":53}}},"3":{"name":"(anonymous_3)","decl":{"start":{"line":77,"column":2},"end":{"line":77,"column":14}},"loc":{"start":{"line":77,"column":65},"end":{"line":82,"column":3}}}},"branchMap":{"0":{"loc":{"start":{"line":22,"column":4},"end":{"line":22,"column":64}},"type":"if","locations":[{"start":{"line":22,"column":4},"end":{"line":22,"column":64}}]},"1":{"loc":{"start":{"line":23,"column":4},"end":{"line":23,"column":68}},"type":"if","locations":[{"start":{"line":23,"column":4},"end":{"line":23,"column":68}}]},"2":{"loc":{"start":{"line":27,"column":22},"end":{"line":27,"column":64}},"type":"binary-expr","locations":[{"start":{"line":27,"column":22},"end":{"line":27,"column":43}},{"start":{"line":27,"column":47},"end":{"line":27,"column":64}}]},"3":{"loc":{"start":{"line":29,"column":22},"end":{"line":29,"column":52}},"type":"binary-expr","locations":[{"start":{"line":29,"column":22},"end":{"line":29,"column":43}},{"start":{"line":29,"column":47},"end":{"line":29,"column":52}}]},"4":{"loc":{"start":{"line":47,"column":6},"end":{"line":54,"column":7}},"type":"if","locations":[{"start":{"line":47,"column":6},"end":{"line":54,"column":7}}]},"5":{"loc":{"start":{"line":58,"column":6},"end":{"line":58,"column":49}},"type":"if","locations":[{"start":{"line":58,"column":6},"end":{"line":58,"column":49}}]},"6":{"loc":{"start":{"line":59,"column":6},"end":{"line":61,"column":7}},"type":"if","locations":[{"start":{"line":59,"column":6},"end":{"line":61,"column":7}}]}},"s":{"0":7,"1":7,"2":7,"3":1,"4":6,"5":1,"6":7,"7":7,"8":7,"9":7,"10":7,"11":1,"12":7,"13":7,"14":4,"15":2,"16":2,"17":2,"18":5,"19":2,"20":3,"21":1,"22":2,"23":7,"24":1,"25":5,"26":5,"27":5,"28":5,"29":1},"f":{"0":7,"1":7,"2":1,"3":5},"b":{"0":[1],"1":[1],"2":[7,6],"3":[7,6],"4":[2],"5":[2],"6":[1]}}
,"/Users/dmestas/openclaw-sms-webhook/src/logger.ts": {"path":"/Users/dmestas/openclaw-sms-webhook/src/logger.ts","statementMap":{"0":{"start":{"line":29,"column":0},"end":{"line":29,"column":16}},"1":{"start":{"line":57,"column":0},"end":{"line":57,"column":16}},"2":{"start":{"line":1,"column":0},"end":{"line":1,"column":null}},"3":{"start":{"line":2,"column":2},"end":{"line":2,"column":null}},"4":{"start":{"line":3,"column":2},"end":{"line":3,"column":null}},"5":{"start":{"line":4,"column":2},"end":{"line":4,"column":null}},"6":{"start":{"line":5,"column":2},"end":{"line":5,"column":null}},"7":{"start":{"line":22,"column":46},"end":{"line":27,"column":2}},"8":{"start":{"line":30,"column":17},"end":{"line":30,"column":38}},"9":{"start":{"line":33,"column":4},"end":{"line":33,"column":44}},"10":{"start":{"line":33,"column":37},"end":{"line":33,"column":44}},"11":{"start":{"line":34,"column":28},"end":{"line":39,"column":6}},"12":{"start":{"line":40,"column":17},"end":{"line":40,"column":38}},"13":{"start":{"line":41,"column":4},"end":{"line":45,"column":5}},"14":{"start":{"line":42,"column":6},"end":{"line":42,"column":40}},"15":{"start":{"line":44,"column":6},"end":{"line":44,"column":40}},"16":{"start":{"line":48,"column":2},"end":{"line":53,"column":4}},"17":{"start":{"line":49,"column":26},"end":{"line":49,"column":56}},"18":{"start":{"line":50,"column":25},"end":{"line":50,"column":54}},"19":{"start":{"line":51,"column":25},"end":{"line":51,"column":54}},"20":{"start":{"line":52,"column":26},"end":{"line":52,"column":56}},"21":{"start":{"line":58,"column":15},"end":{"line":58,"column":23}},"22":{"start":{"line":59,"column":2},"end":{"line":59,"column":62}}},"fnMap":{"0":{"name":"(anonymous_0)","decl":{"start":{"line":1,"column":0},"end":{"line":1,"column":12}},"loc":{"start":{"line":1,"column":20},"end":{"line":6,"column":1}}},"1":{"name":"createLogger","decl":{"start":{"line":29,"column":16},"end":{"line":29,"column":28}},"loc":{"start":{"line":29,"column":63},"end":{"line":54,"column":1}}},"2":{"name":"emit","decl":{"start":{"line":32,"column":11},"end":{"line":32,"column":15}},"loc":{"start":{"line":32,"column":75},"end":{"line":46,"column":3}}},"3":{"name":"(anonymous_3)","decl":{"start":{"line":49,"column":11},"end":{"line":49,"column":12}},"loc":{"start":{"line":49,"column":26},"end":{"line":49,"column":56}}},"4":{"name":"(anonymous_4)","decl":{"start":{"line":50,"column":10},"end":{"line":50,"column":11}},"loc":{"start":{"line":50,"column":25},"end":{"line":50,"column":54}}},"5":{"name":"(anonymous_5)","decl":{"start":{"line":51,"column":10},"end":{"line":51,"column":11}},"loc":{"start":{"line":51,"column":25},"end":{"line":51,"column":54}}},"6":{"name":"(anonymous_6)","decl":{"start":{"line":52,"column":11},"end":{"line":52,"column":12}},"loc":{"start":{"line":52,"column":26},"end":{"line":52,"column":56}}},"7":{"name":"createNullLogger","decl":{"start":{"line":57,"column":16},"end":{"line":57,"column":32}},"loc":{"start":{"line":57,"column":32},"end":{"line":60,"column":1}}},"8":{"name":"(anonymous_8)","decl":{"start":{"line":58,"column":15},"end":{"line":58,"column":18}},"loc":{"start":{"line":58,"column":20},"end":{"line":58,"column":23}}}},"branchMap":{"0":{"loc":{"start":{"line":1,"column":12},"end":{"line":1,"column":null}},"type":"binary-expr","locations":[{"start":{"line":1,"column":12},"end":{"line":1,"column":20}},{"start":{"line":1,"column":20},"end":{"line":1,"column":null}}]},"1":{"loc":{"start":{"line":29,"column":29},"end":{"line":29,"column":63}},"type":"default-arg","locations":[{"start":{"line":29,"column":50},"end":{"line":29,"column":63}}]},"2":{"loc":{"start":{"line":33,"column":4},"end":{"line":33,"column":44}},"type":"if","locations":[{"start":{"line":33,"column":4},"end":{"line":33,"column":44}}]},"3":{"loc":{"start":{"line":41,"column":4},"end":{"line":45,"column":5}},"type":"if","locations":[{"start":{"line":41,"column":4},"end":{"line":45,"column":5}},{"start":{"line":43,"column":11},"end":{"line":45,"column":5}}]},"4":{"loc":{"start":{"line":41,"column":8},"end":{"line":41,"column":59}},"type":"binary-expr","locations":[{"start":{"line":41,"column":8},"end":{"line":41,"column":32}},{"start":{"line":41,"column":36},"end":{"line":41,"column":59}}]}},"s":{"0":4,"1":4,"2":4,"3":4,"4":4,"5":4,"6":4,"7":4,"8":4,"9":11,"10":2,"11":9,"12":9,"13":9,"14":6,"15":3,"16":4,"17":2,"18":3,"19":3,"20":3,"21":4,"22":4},"f":{"0":4,"1":4,"2":11,"3":2,"4":3,"5":3,"6":3,"7":4,"8":101},"b":{"0":[4,4],"1":[0],"2":[2],"3":[6,3],"4":[9,6]}}
,"/Users/dmestas/openclaw-sms-webhook/src/metrics.ts": {"path":"/Users/dmestas/openclaw-sms-webhook/src/metrics.ts","statementMap":{"0":{"start":{"line":22,"column":0},"end":{"line":22,"column":16}},"1":{"start":{"line":36,"column":0},"end":{"line":36,"column":16}},"2":{"start":{"line":44,"column":0},"end":{"line":44,"column":16}},"3":{"start":{"line":60,"column":0},"end":{"line":60,"column":16}},"4":{"start":{"line":23,"column":2},"end":{"line":33,"column":4}},"5":{"start":{"line":37,"column":2},"end":{"line":37,"column":36}},"6":{"start":{"line":39,"column":2},"end":{"line":41,"column":3}},"7":{"start":{"line":40,"column":4},"end":{"line":40,"column":69}},"8":{"start":{"line":45,"column":14},"end":{"line":45,"column":38}},"9":{"start":{"line":46,"column":2},"end":{"line":46,"column":92}},"10":{"start":{"line":46,"column":24},"end":{"line":46,"column":92}},"11":{"start":{"line":47,"column":17},"end":{"line":47,"column":47}},"12":{"start":{"line":47,"column":41},"end":{"line":47,"column":46}},"13":{"start":{"line":48,"column":14},"end":{"line":48,"column":47}},"14":{"start":{"line":48,"column":38},"end":{"line":48,"column":43}},"15":{"start":{"line":49,"column":2},"end":{"line":57,"column":4}},"16":{"start":{"line":61,"column":18},"end":{"line":61,"column":42}},"17":{"start":{"line":62,"column":17},"end":{"line":62,"column":68}},"18":{"start":{"line":63,"column":2},"end":{"line":100,"column":15}}},"fnMap":{"0":{"name":"createMetrics","decl":{"start":{"line":22,"column":16},"end":{"line":22,"column":29}},"loc":{"start":{"line":22,"column":29},"end":{"line":34,"column":1}}},"1":{"name":"recordLatency","decl":{"start":{"line":36,"column":16},"end":{"line":36,"column":29}},"loc":{"start":{"line":36,"column":58},"end":{"line":42,"column":1}}},"2":{"name":"getLatencyStats","decl":{"start":{"line":44,"column":16},"end":{"line":44,"column":31}},"loc":{"start":{"line":44,"column":48},"end":{"line":58,"column":1}}},"3":{"name":"(anonymous_3)","decl":{"start":{"line":47,"column":31},"end":{"line":47,"column":32}},"loc":{"start":{"line":47,"column":41},"end":{"line":47,"column":46}}},"4":{"name":"(anonymous_4)","decl":{"start":{"line":48,"column":28},"end":{"line":48,"column":29}},"loc":{"start":{"line":48,"column":38},"end":{"line":48,"column":43}}},"5":{"name":"formatPrometheus","decl":{"start":{"line":60,"column":16},"end":{"line":60,"column":32}},"loc":{"start":{"line":60,"column":49},"end":{"line":101,"column":1}}}},"branchMap":{"0":{"loc":{"start":{"line":39,"column":2},"end":{"line":41,"column":3}},"type":"if","locations":[{"start":{"line":39,"column":2},"end":{"line":41,"column":3}}]},"1":{"loc":{"start":{"line":46,"column":2},"end":{"line":46,"column":92}},"type":"if","locations":[{"start":{"line":46,"column":2},"end":{"line":46,"column":92}}]}},"s":{"0":3,"1":3,"2":3,"3":3,"4":45,"5":1225,"6":1225,"7":100,"8":8,"9":8,"10":3,"11":5,"12":100,"13":5,"14":105,"15":5,"16":3,"17":3,"18":3},"f":{"0":45,"1":1225,"2":8,"3":100,"4":105,"5":3},"b":{"0":[100],"1":[3]}}
,"/Users/dmestas/openclaw-sms-webhook/src/twilio.ts": {"path":"/Users/dmestas/openclaw-sms-webhook/src/twilio.ts","statementMap":{"0":{"start":{"line":12,"column":0},"end":{"line":12,"column":16}},"1":{"start":{"line":44,"column":0},"end":{"line":44,"column":16}},"2":{"start":{"line":1,"column":0},"end":{"line":1,"column":28}},"3":{"start":{"line":18,"column":2},"end":{"line":18,"column":53}},"4":{"start":{"line":18,"column":40},"end":{"line":18,"column":53}},"5":{"start":{"line":22,"column":4},"end":{"line":25,"column":56}},"6":{"start":{"line":25,"column":28},"end":{"line":25,"column":51}},"7":{"start":{"line":27,"column":19},"end":{"line":30,"column":21}},"8":{"start":{"line":33,"column":2},"end":{"line":38,"column":3}},"9":{"start":{"line":34,"column":4},"end":{"line":34,"column":81}},"10":{"start":{"line":37,"column":4},"end":{"line":37,"column":17}},"11":{"start":{"line":45,"column":2},"end":{"line":53,"column":3}},"12":{"start":{"line":47,"column":20},"end":{"line":51,"column":30}},"13":{"start":{"line":52,"column":4},"end":{"line":52,"column":102}},"14":{"start":{"line":54,"column":2},"end":{"line":54,"column":71}}},"fnMap":{"0":{"name":"validateTwilioSignature","decl":{"start":{"line":12,"column":16},"end":{"line":12,"column":39}},"loc":{"start":{"line":16,"column":32},"end":{"line":39,"column":1}}},"1":{"name":"(anonymous_2)","decl":{"start":{"line":25,"column":14},"end":{"line":25,"column":15}},"loc":{"start":{"line":25,"column":28},"end":{"line":25,"column":51}}},"2":{"name":"twiml","decl":{"start":{"line":44,"column":16},"end":{"line":44,"column":21}},"loc":{"start":{"line":44,"column":38},"end":{"line":55,"column":1}}}},"branchMap":{"0":{"loc":{"start":{"line":18,"column":2},"end":{"line":18,"column":53}},"type":"if","locations":[{"start":{"line":18,"column":2},"end":{"line":18,"column":53}}]},"1":{"loc":{"start":{"line":18,"column":6},"end":{"line":18,"column":38}},"type":"binary-expr","locations":[{"start":{"line":18,"column":6},"end":{"line":18,"column":16}},{"start":{"line":18,"column":20},"end":{"line":18,"column":30}},{"start":{"line":18,"column":34},"end":{"line":18,"column":38}}]},"2":{"loc":{"start":{"line":45,"column":2},"end":{"line":53,"column":3}},"type":"if","locations":[{"start":{"line":45,"column":2},"end":{"line":53,"column":3}}]}},"s":{"0":3,"1":3,"2":3,"3":13,"4":4,"5":9,"6":19,"7":9,"8":9,"9":9,"10":2,"11":36,"12":13,"13":13,"14":23},"f":{"0":13,"1":19,"2":36},"b":{"0":[4],"1":[13,12,10],"2":[13]}}
}
