TN:
SF:src/app.ts
FN:18,createApp
FN:28,(anonymous_2)
FN:30,(anonymous_3)
FN:45,(anonymous_4)
FN:62,(anonymous_5)
FN:69,(anonymous_6)
FN:94,(anonymous_7)
FN:164,(anonymous_8)
FN:175,summarizeBody
FNF:9
FNH:9
FNDA:37,createApp
FNDA:42,(anonymous_2)
FNDA:42,(anonymous_3)
FNDA:2,(anonymous_4)
FNDA:2,(anonymous_5)
FNDA:5,(anonymous_6)
FNDA:30,(anonymous_7)
FNDA:3,(anonymous_8)
FNDA:5,summarizeBody
DA:1,2
DA:4,2
DA:5,2
DA:18,2
DA:19,37
DA:20,37
DA:21,37
DA:24,37
DA:25,37
DA:28,37
DA:29,42
DA:30,42
DA:31,42
DA:32,42
DA:41,42
DA:45,37
DA:46,2
DA:47,2
DA:62,37
DA:63,2
DA:67,37
DA:68,37
DA:69,5
DA:70,5
DA:71,5
DA:72,5
DA:73,5
DA:76,5
DA:83,3
DA:84,3
DA:86,2
DA:87,2
DA:88,2
DA:94,37
DA:95,30
DA:98,30
DA:99,4
DA:100,4
DA:101,4
DA:102,3
DA:103,3
DA:104,3
DA:108,3
DA:109,3
DA:113,27
DA:115,27
DA:116,5
DA:117,5
DA:118,5
DA:119,5
DA:122,22
DA:123,1
DA:124,1
DA:125,1
DA:126,1
DA:130,21
DA:132,21
DA:140,21
DA:141,21
DA:142,21
DA:143,17
DA:144,17
DA:145,17
DA:146,17
DA:148,4
DA:149,4
DA:150,4
DA:151,4
DA:160,21
DA:164,37
DA:165,3
DA:169,37
DA:171,37
DA:176,5
DA:177,5
DA:178,5
DA:180,0
LF:77
LH:76
BRDA:37,0,0,42
BRDA:37,0,1,0
BRDA:67,1,0,37
BRDA:67,1,1,0
BRDA:68,2,0,5
BRDA:74,3,0,5
BRDA:74,3,1,1
BRDA:79,4,0,4
BRDA:79,4,1,1
BRDA:79,5,0,5
BRDA:79,5,1,4
BRDA:84,6,0,3
BRDA:84,6,1,0
BRDA:98,7,0,4
BRDA:98,8,0,30
BRDA:98,8,1,5
BRDA:99,9,0,4
BRDA:99,9,1,1
BRDA:101,10,0,3
BRDA:105,11,0,3
BRDA:105,11,1,0
BRDA:113,12,0,27
BRDA:113,12,1,0
BRDA:115,13,0,5
BRDA:115,14,0,27
BRDA:115,14,1,22
BRDA:122,15,0,1
BRDA:122,16,0,22
BRDA:122,16,1,3
BRDA:130,17,0,20
BRDA:130,17,1,1
BRDA:136,18,0,21
BRDA:136,18,1,2
BRDA:176,19,0,0
BRDA:177,20,0,5
BRF:35
BRH:29
end_of_record
TN:
SF:src/gateway.ts
FN:18,(anonymous_0)
FN:26,(anonymous_1)
FN:32,(anonymous_2)
FN:77,(anonymous_3)
FNF:4
FNH:4
FNDA:7,(anonymous_0)
FNDA:7,(anonymous_1)
FNDA:1,(anonymous_2)
FNDA:5,(anonymous_3)
DA:14,1
DA:19,7
DA:20,7
DA:22,7
DA:23,6
DA:27,7
DA:28,7
DA:29,7
DA:31,7
DA:32,7
DA:34,7
DA:35,7
DA:47,4
DA:48,2
DA:49,2
DA:56,2
DA:58,5
DA:59,3
DA:60,1
DA:62,2
DA:68,7
DA:73,1
DA:78,5
DA:79,5
DA:80,5
DA:81,5
LF:26
LH:26
BRDA:22,0,0,1
BRDA:23,1,0,1
BRDA:27,2,0,7
BRDA:27,2,1,6
BRDA:29,3,0,7
BRDA:29,3,1,6
BRDA:47,4,0,2
BRDA:58,5,0,2
BRDA:59,6,0,1
BRF:9
BRH:9
end_of_record
TN:
SF:src/logger.ts
FN:1,(anonymous_0)
FN:29,createLogger
FN:32,emit
FN:49,(anonymous_3)
FN:50,(anonymous_4)
FN:51,(anonymous_5)
FN:52,(anonymous_6)
FN:57,createNullLogger
FN:58,(anonymous_8)
FNF:9
FNH:9
FNDA:4,(anonymous_0)
FNDA:4,createLogger
FNDA:11,emit
FNDA:2,(anonymous_3)
FNDA:3,(anonymous_4)
FNDA:3,(anonymous_5)
FNDA:3,(anonymous_6)
FNDA:4,createNullLogger
FNDA:101,(anonymous_8)
DA:1,4
DA:2,4
DA:3,4
DA:4,4
DA:5,4
DA:22,4
DA:29,4
DA:30,4
DA:33,11
DA:34,9
DA:40,9
DA:41,9
DA:42,6
DA:44,3
DA:48,4
DA:49,2
DA:50,3
DA:51,3
DA:52,3
DA:57,4
DA:58,4
DA:59,4
LF:22
LH:22
BRDA:1,0,0,4
BRDA:1,0,1,4
BRDA:29,1,0,0
BRDA:33,2,0,2
BRDA:41,3,0,6
BRDA:41,3,1,3
BRDA:41,4,0,9
BRDA:41,4,1,6
BRF:8
BRH:7
end_of_record
TN:
SF:src/metrics.ts
FN:22,createMetrics
FN:36,recordLatency
FN:44,getLatencyStats
FN:47,(anonymous_3)
FN:48,(anonymous_4)
FN:60,formatPrometheus
FNF:6
FNH:6
FNDA:45,createMetrics
FNDA:1225,recordLatency
FNDA:8,getLatencyStats
FNDA:100,(anonymous_3)
FNDA:105,(anonymous_4)
FNDA:3,formatPrometheus
DA:22,3
DA:23,45
DA:36,3
DA:37,1225
DA:39,1225
DA:40,100
DA:44,3
DA:45,8
DA:46,8
DA:47,100
DA:48,105
DA:49,5
DA:60,3
DA:61,3
DA:62,3
DA:63,3
LF:16
LH:16
BRDA:39,0,0,100
BRDA:46,1,0,3
BRF:2
BRH:2
end_of_record
TN:
SF:src/twilio.ts
FN:12,validateTwilioSignature
FN:25,(anonymous_2)
FN:44,twiml
FNF:3
FNH:3
FNDA:13,validateTwilioSignature
FNDA:19,(anonymous_2)
FNDA:36,twiml
DA:1,3
DA:12,3
DA:18,13
DA:22,9
DA:25,19
DA:27,9
DA:33,9
DA:34,9
DA:37,2
DA:44,3
DA:45,36
DA:47,13
DA:52,13
DA:54,23
LF:14
LH:14
BRDA:18,0,0,4
BRDA:18,1,0,13
BRDA:18,1,1,12
BRDA:18,1,2,10
BRDA:45,2,0,13
BRF:5
BRH:5
end_of_record
